This file contains any messages produced by compilers while
running configure, to aid debugging if configure makes a mistake.

It was created by HepMC configure 2.06.09, which was
generated by GNU Autoconf 2.63.  Invocation command line was

  $ ../hepmc2.06.09/configure --prefix=/home/giorgio/Github/DAML/week-17/GeantExample3/HEPmc/build/../install --with-momentum=MEV --with-length=MM

## --------- ##
## Platform. ##
## --------- ##

hostname = giorgio
uname -m = x86_64
uname -r = 5.15.133.1-microsoft-standard-WSL2
uname -s = Linux
uname -v = #1 SMP Thu Oct 5 21:02:42 UTC 2023

/usr/bin/uname -p = x86_64
/bin/uname -X     = unknown

/bin/arch              = x86_64
/usr/bin/arch -k       = unknown
/usr/convex/getsysinfo = unknown
/usr/bin/hostinfo      = unknown
/bin/machine           = unknown
/usr/bin/oslevel       = unknown
/bin/universe          = unknown

PATH: /home/giorgio/.local/share/geant4-v10.7.4-install/bin
PATH: /home/giorgio/miniconda3/bin
PATH: /home/giorgio/miniconda3/condabin
PATH: /usr/local/sbin
PATH: /usr/local/bin
PATH: /usr/sbin
PATH: /usr/bin
PATH: /sbin
PATH: /bin
PATH: /usr/games
PATH: /usr/local/games
PATH: /usr/lib/wsl/lib
PATH: /mnt/c/Program Files/PowerShell/7
PATH: /mnt/c/Windows/system32
PATH: /mnt/c/Windows
PATH: /mnt/c/Windows/System32/Wbem
PATH: /mnt/c/Windows/System32/WindowsPowerShell/v1.0
PATH: /mnt/c/Windows/System32/OpenSSH
PATH: /mnt/c/Program Files/dotnet
PATH: /mnt/c/Program Files (x86)/NVIDIA Corporation/PhysX/Common
PATH: /mnt/c/Program Files/Docker/Docker/resources/bin
PATH: /mnt/c/Program Files/PowerShell/7
PATH: /mnt/c/Users/gioba/AppData/Local/Microsoft/WindowsApps
PATH: /mnt/c/Users/gioba/AppData/Local/Programs/Microsoft VS Code/bin
PATH: /snap/bin


## ----------- ##
## Core tests. ##
## ----------- ##

configure:2108: checking build system type
configure:2126: result: x86_64-unknown-linux-gnu
configure:2148: checking host system type
configure:2163: result: x86_64-unknown-linux-gnu
configure:2185: checking target system type
configure:2200: result: x86_64-unknown-linux-gnu
configure:2244: checking for a BSD-compatible install
configure:2312: result: /usr/bin/install -c
configure:2323: checking whether build environment is sane
configure:2383: result: yes
configure:2524: checking for a thread-safe mkdir -p
configure:2563: result: /usr/bin/mkdir -p
configure:2576: checking for gawk
configure:2592: found /usr/bin/gawk
configure:2603: result: gawk
configure:2614: checking whether make sets $(MAKE)
configure:2636: result: yes
configure:2869: checking for g++
configure:2885: found /usr/bin/g++
configure:2896: result: g++
configure:2923: checking for C++ compiler version
configure:2931: g++ --version >&5
g++ (Ubuntu 11.4.0-1ubuntu1~22.04) 11.4.0
Copyright (C) 2021 Free Software Foundation, Inc.
This is free software; see the source for copying conditions.  There is NO
warranty; not even for MERCHANTABILITY or FITNESS FOR A PARTICULAR PURPOSE.

configure:2935: $? = 0
configure:2942: g++ -v >&5
Using built-in specs.
COLLECT_GCC=g++
COLLECT_LTO_WRAPPER=/usr/lib/gcc/x86_64-linux-gnu/11/lto-wrapper
OFFLOAD_TARGET_NAMES=nvptx-none:amdgcn-amdhsa
OFFLOAD_TARGET_DEFAULT=1
Target: x86_64-linux-gnu
Configured with: ../src/configure -v --with-pkgversion='Ubuntu 11.4.0-1ubuntu1~22.04' --with-bugurl=file:///usr/share/doc/gcc-11/README.Bugs --enable-languages=c,ada,c++,go,brig,d,fortran,objc,obj-c++,m2 --prefix=/usr --with-gcc-major-version-only --program-suffix=-11 --program-prefix=x86_64-linux-gnu- --enable-shared --enable-linker-build-id --libexecdir=/usr/lib --without-included-gettext --enable-threads=posix --libdir=/usr/lib --enable-nls --enable-bootstrap --enable-clocale=gnu --enable-libstdcxx-debug --enable-libstdcxx-time=yes --with-default-libstdcxx-abi=new --enable-gnu-unique-object --disable-vtable-verify --enable-plugin --enable-default-pie --with-system-zlib --enable-libphobos-checking=release --with-target-system-zlib=auto --enable-objc-gc=auto --enable-multiarch --disable-werror --enable-cet --with-arch-32=i686 --with-abi=m64 --with-multilib-list=m32,m64,mx32 --enable-multilib --with-tune=generic --enable-offload-targets=nvptx-none=/build/gcc-11-XeT9lY/gcc-11-11.4.0/debian/tmp-nvptx/usr,amdgcn-amdhsa=/build/gcc-11-XeT9lY/gcc-11-11.4.0/debian/tmp-gcn/usr --without-cuda-driver --enable-checking=release --build=x86_64-linux-gnu --host=x86_64-linux-gnu --target=x86_64-linux-gnu --with-build-config=bootstrap-lto-lean --enable-link-serialization=2
Thread model: posix
Supported LTO compression algorithms: zlib zstd
gcc version 11.4.0 (Ubuntu 11.4.0-1ubuntu1~22.04) 
configure:2946: $? = 0
configure:2953: g++ -V >&5
g++: error: unrecognized command-line option '-V'
g++: fatal error: no input files
compilation terminated.
configure:2957: $? = 1
configure:2980: checking for C++ compiler default output file name
configure:3002: g++    conftest.cpp  >&5
configure:3006: $? = 0
configure:3044: result: a.out
configure:3063: checking whether the C++ compiler works
configure:3073: ./a.out
configure:3077: $? = 0
configure:3096: result: yes
configure:3103: checking whether we are cross compiling
configure:3105: result: no
configure:3108: checking for suffix of executables
configure:3115: g++ -o conftest    conftest.cpp  >&5
configure:3119: $? = 0
configure:3145: result: 
configure:3151: checking for suffix of object files
configure:3177: g++ -c   conftest.cpp >&5
configure:3181: $? = 0
configure:3206: result: o
configure:3210: checking whether we are using the GNU C++ compiler
configure:3239: g++ -c   conftest.cpp >&5
configure:3246: $? = 0
configure:3263: result: yes
configure:3272: checking whether g++ accepts -g
configure:3302: g++ -c -g  conftest.cpp >&5
configure:3309: $? = 0
configure:3410: result: yes
configure:3444: checking for style of include used by make
configure:3472: result: GNU
configure:3497: checking dependency style of g++
configure:3607: result: gcc3
configure:3670: checking for gcc
configure:3686: found /usr/bin/gcc
configure:3697: result: gcc
configure:3929: checking for C compiler version
configure:3937: gcc --version >&5
gcc (Ubuntu 11.4.0-1ubuntu1~22.04) 11.4.0
Copyright (C) 2021 Free Software Foundation, Inc.
This is free software; see the source for copying conditions.  There is NO
warranty; not even for MERCHANTABILITY or FITNESS FOR A PARTICULAR PURPOSE.

configure:3941: $? = 0
configure:3948: gcc -v >&5
Using built-in specs.
COLLECT_GCC=gcc
COLLECT_LTO_WRAPPER=/usr/lib/gcc/x86_64-linux-gnu/11/lto-wrapper
OFFLOAD_TARGET_NAMES=nvptx-none:amdgcn-amdhsa
OFFLOAD_TARGET_DEFAULT=1
Target: x86_64-linux-gnu
Configured with: ../src/configure -v --with-pkgversion='Ubuntu 11.4.0-1ubuntu1~22.04' --with-bugurl=file:///usr/share/doc/gcc-11/README.Bugs --enable-languages=c,ada,c++,go,brig,d,fortran,objc,obj-c++,m2 --prefix=/usr --with-gcc-major-version-only --program-suffix=-11 --program-prefix=x86_64-linux-gnu- --enable-shared --enable-linker-build-id --libexecdir=/usr/lib --without-included-gettext --enable-threads=posix --libdir=/usr/lib --enable-nls --enable-bootstrap --enable-clocale=gnu --enable-libstdcxx-debug --enable-libstdcxx-time=yes --with-default-libstdcxx-abi=new --enable-gnu-unique-object --disable-vtable-verify --enable-plugin --enable-default-pie --with-system-zlib --enable-libphobos-checking=release --with-target-system-zlib=auto --enable-objc-gc=auto --enable-multiarch --disable-werror --enable-cet --with-arch-32=i686 --with-abi=m64 --with-multilib-list=m32,m64,mx32 --enable-multilib --with-tune=generic --enable-offload-targets=nvptx-none=/build/gcc-11-XeT9lY/gcc-11-11.4.0/debian/tmp-nvptx/usr,amdgcn-amdhsa=/build/gcc-11-XeT9lY/gcc-11-11.4.0/debian/tmp-gcn/usr --without-cuda-driver --enable-checking=release --build=x86_64-linux-gnu --host=x86_64-linux-gnu --target=x86_64-linux-gnu --with-build-config=bootstrap-lto-lean --enable-link-serialization=2
Thread model: posix
Supported LTO compression algorithms: zlib zstd
gcc version 11.4.0 (Ubuntu 11.4.0-1ubuntu1~22.04) 
configure:3952: $? = 0
configure:3959: gcc -V >&5
gcc: error: unrecognized command-line option '-V'
gcc: fatal error: no input files
compilation terminated.
configure:3963: $? = 1
configure:3966: checking whether we are using the GNU C compiler
configure:3995: gcc -c   conftest.c >&5
configure:4002: $? = 0
configure:4019: result: yes
configure:4028: checking whether gcc accepts -g
configure:4058: gcc -c -g  conftest.c >&5
configure:4065: $? = 0
configure:4166: result: yes
configure:4183: checking for gcc option to accept ISO C89
configure:4257: gcc  -c -g -O2  conftest.c >&5
configure:4264: $? = 0
configure:4287: result: none needed
configure:4307: checking dependency style of gcc
configure:4417: result: gcc3
configure:4432: checking whether make sets $(MAKE)
configure:4454: result: yes
configure:4516: checking for gfortran
configure:4546: result: no
configure:4516: checking for g77
configure:4546: result: no
configure:4516: checking for f77
configure:4546: result: no
configure:4569: checking for Fortran 77 compiler version
configure:4577:  --version >&5
../hepmc2.06.09/configure: line 4579: --version: command not found
configure:4581: $? = 127
configure:4588:  -v >&5
../hepmc2.06.09/configure: line 4590: -v: command not found
configure:4592: $? = 127
configure:4599:  -V >&5
../hepmc2.06.09/configure: line 4601: -V: command not found
configure:4603: $? = 127
configure:4611: checking whether we are using the GNU Fortran 77 compiler
configure:4630:  -c  conftest.F >&5
../hepmc2.06.09/configure: line 4632: -c: command not found
configure:4637: $? = 127
configure: failed program was:
|       program main
| #ifndef __GNUC__
|        choke me
| #endif
| 
|       end
configure:4654: result: no
configure:4660: checking whether  accepts -g
configure:4677:  -c -g conftest.f >&5
../hepmc2.06.09/configure: line 4679: -c: command not found
configure:4684: $? = 127
configure: failed program was:
|       program main
| 
|       end
configure:4700: result: no
configure:5059: checking for a sed that does not truncate output
configure:5125: result: /usr/bin/sed
configure:5143: checking for grep that handles long lines and -e
configure:5203: result: /usr/bin/grep
configure:5208: checking for egrep
configure:5272: result: /usr/bin/grep -E
configure:5277: checking for fgrep
configure:5341: result: /usr/bin/grep -F
configure:5376: checking for ld used by gcc
configure:5443: result: /usr/bin/ld
configure:5452: checking if the linker (/usr/bin/ld) is GNU ld
configure:5467: result: yes
configure:5479: checking for BSD- or MS-compatible name lister (nm)
configure:5528: result: /usr/bin/nm -B
configure:5646: checking the name lister (/usr/bin/nm -B) interface
configure:5653: gcc -c -g -O2  conftest.c >&5
configure:5656: /usr/bin/nm -B "conftest.o"
configure:5659: output
0000000000000000 B some_variable
configure:5666: result: BSD nm
configure:5669: checking whether ln -s works
configure:5673: result: yes
configure:5681: checking the maximum length of command line arguments
configure:5801: result: 1572864
configure:5818: checking whether the shell understands some XSI constructs
configure:5828: result: yes
configure:5832: checking whether the shell understands "+="
configure:5838: result: yes
configure:5873: checking for /usr/bin/ld option to reload object files
configure:5880: result: -r
configure:5949: checking for objdump
configure:5976: result: objdump
configure:6005: checking how to recognize dependent libraries
configure:6201: result: pass_all
configure:6261: checking for ar
configure:6277: found /usr/bin/ar
configure:6288: result: ar
configure:6366: checking for strip
configure:6382: found /usr/bin/strip
configure:6393: result: strip
configure:6465: checking for ranlib
configure:6481: found /usr/bin/ranlib
configure:6492: result: ranlib
configure:6582: checking command to parse /usr/bin/nm -B output from gcc object
configure:6700: gcc -c -g -O2  conftest.c >&5
configure:6703: $? = 0
configure:6707: /usr/bin/nm -B conftest.o \| sed -n -e 's/^.*[	 ]\([ABCDGIRSTW][ABCDGIRSTW]*\)[	 ][	 ]*\([_A-Za-z][_A-Za-z0-9]*\)$/\1 \2 \2/p' \> conftest.nm
configure:6710: $? = 0
configure:6764: gcc -o conftest -g -O2   conftest.c conftstm.o >&5
configure:6767: $? = 0
configure:6805: result: ok
configure:6901: gcc -c -g -O2  conftest.c >&5
configure:6904: $? = 0
configure:7672: checking how to run the C preprocessor
configure:7712: gcc -E  conftest.c
configure:7719: $? = 0
configure:7750: gcc -E  conftest.c
conftest.c:10:10: fatal error: ac_nonexistent.h: No such file or directory
   10 | #include <ac_nonexistent.h>
      |          ^~~~~~~~~~~~~~~~~~
compilation terminated.
configure:7757: $? = 1
configure: failed program was:
| /* confdefs.h.  */
| #define PACKAGE_NAME "HepMC"
| #define PACKAGE_TARNAME "HepMC"
| #define PACKAGE_VERSION "2.06.09"
| #define PACKAGE_STRING "HepMC 2.06.09"
| #define PACKAGE_BUGREPORT "https://savannah.cern.ch/projects/hepmc/"
| #define PACKAGE "HepMC"
| #define VERSION "2.06.09"
| /* end confdefs.h.  */
| #include <ac_nonexistent.h>
configure:7790: result: gcc -E
configure:7819: gcc -E  conftest.c
configure:7826: $? = 0
configure:7857: gcc -E  conftest.c
conftest.c:10:10: fatal error: ac_nonexistent.h: No such file or directory
   10 | #include <ac_nonexistent.h>
      |          ^~~~~~~~~~~~~~~~~~
compilation terminated.
configure:7864: $? = 1
configure: failed program was:
| /* confdefs.h.  */
| #define PACKAGE_NAME "HepMC"
| #define PACKAGE_TARNAME "HepMC"
| #define PACKAGE_VERSION "2.06.09"
| #define PACKAGE_STRING "HepMC 2.06.09"
| #define PACKAGE_BUGREPORT "https://savannah.cern.ch/projects/hepmc/"
| #define PACKAGE "HepMC"
| #define VERSION "2.06.09"
| /* end confdefs.h.  */
| #include <ac_nonexistent.h>
configure:7904: checking for ANSI C header files
configure:7934: gcc -c -g -O2  conftest.c >&5
configure:7941: $? = 0
configure:8040: gcc -o conftest -g -O2   conftest.c  >&5
configure:8044: $? = 0
configure:8050: ./conftest
configure:8054: $? = 0
configure:8072: result: yes
configure:8096: checking for sys/types.h
configure:8117: gcc -c -g -O2  conftest.c >&5
configure:8124: $? = 0
configure:8141: result: yes
configure:8096: checking for sys/stat.h
configure:8117: gcc -c -g -O2  conftest.c >&5
configure:8124: $? = 0
configure:8141: result: yes
configure:8096: checking for stdlib.h
configure:8117: gcc -c -g -O2  conftest.c >&5
configure:8124: $? = 0
configure:8141: result: yes
configure:8096: checking for string.h
configure:8117: gcc -c -g -O2  conftest.c >&5
configure:8124: $? = 0
configure:8141: result: yes
configure:8096: checking for memory.h
configure:8117: gcc -c -g -O2  conftest.c >&5
configure:8124: $? = 0
configure:8141: result: yes
configure:8096: checking for strings.h
configure:8117: gcc -c -g -O2  conftest.c >&5
configure:8124: $? = 0
configure:8141: result: yes
configure:8096: checking for inttypes.h
configure:8117: gcc -c -g -O2  conftest.c >&5
configure:8124: $? = 0
configure:8141: result: yes
configure:8096: checking for stdint.h
configure:8117: gcc -c -g -O2  conftest.c >&5
configure:8124: $? = 0
configure:8141: result: yes
configure:8096: checking for unistd.h
configure:8117: gcc -c -g -O2  conftest.c >&5
configure:8124: $? = 0
configure:8141: result: yes
configure:8159: checking for dlfcn.h
configure:8180: gcc -c -g -O2  conftest.c >&5
configure:8187: $? = 0
configure:8204: result: yes
configure:8331: checking for C++ compiler version
configure:8339: g++ --version >&5
g++ (Ubuntu 11.4.0-1ubuntu1~22.04) 11.4.0
Copyright (C) 2021 Free Software Foundation, Inc.
This is free software; see the source for copying conditions.  There is NO
warranty; not even for MERCHANTABILITY or FITNESS FOR A PARTICULAR PURPOSE.

configure:8343: $? = 0
configure:8350: g++ -v >&5
Using built-in specs.
COLLECT_GCC=g++
COLLECT_LTO_WRAPPER=/usr/lib/gcc/x86_64-linux-gnu/11/lto-wrapper
OFFLOAD_TARGET_NAMES=nvptx-none:amdgcn-amdhsa
OFFLOAD_TARGET_DEFAULT=1
Target: x86_64-linux-gnu
Configured with: ../src/configure -v --with-pkgversion='Ubuntu 11.4.0-1ubuntu1~22.04' --with-bugurl=file:///usr/share/doc/gcc-11/README.Bugs --enable-languages=c,ada,c++,go,brig,d,fortran,objc,obj-c++,m2 --prefix=/usr --with-gcc-major-version-only --program-suffix=-11 --program-prefix=x86_64-linux-gnu- --enable-shared --enable-linker-build-id --libexecdir=/usr/lib --without-included-gettext --enable-threads=posix --libdir=/usr/lib --enable-nls --enable-bootstrap --enable-clocale=gnu --enable-libstdcxx-debug --enable-libstdcxx-time=yes --with-default-libstdcxx-abi=new --enable-gnu-unique-object --disable-vtable-verify --enable-plugin --enable-default-pie --with-system-zlib --enable-libphobos-checking=release --with-target-system-zlib=auto --enable-objc-gc=auto --enable-multiarch --disable-werror --enable-cet --with-arch-32=i686 --with-abi=m64 --with-multilib-list=m32,m64,mx32 --enable-multilib --with-tune=generic --enable-offload-targets=nvptx-none=/build/gcc-11-XeT9lY/gcc-11-11.4.0/debian/tmp-nvptx/usr,amdgcn-amdhsa=/build/gcc-11-XeT9lY/gcc-11-11.4.0/debian/tmp-gcn/usr --without-cuda-driver --enable-checking=release --build=x86_64-linux-gnu --host=x86_64-linux-gnu --target=x86_64-linux-gnu --with-build-config=bootstrap-lto-lean --enable-link-serialization=2
Thread model: posix
Supported LTO compression algorithms: zlib zstd
gcc version 11.4.0 (Ubuntu 11.4.0-1ubuntu1~22.04) 
configure:8354: $? = 0
configure:8361: g++ -V >&5
g++: error: unrecognized command-line option '-V'
g++: fatal error: no input files
compilation terminated.
configure:8365: $? = 1
configure:8368: checking whether we are using the GNU C++ compiler
configure:8421: result: yes
configure:8430: checking whether g++ accepts -g
configure:8568: result: yes
configure:8593: checking dependency style of g++
configure:8703: result: gcc3
configure:8726: checking how to run the C++ preprocessor
configure:8762: g++ -E  conftest.cpp
configure:8769: $? = 0
configure:8800: g++ -E  conftest.cpp
conftest.cpp:21:10: fatal error: ac_nonexistent.h: No such file or directory
   21 | #include <ac_nonexistent.h>
      |          ^~~~~~~~~~~~~~~~~~
compilation terminated.
configure:8807: $? = 1
configure: failed program was:
| /* confdefs.h.  */
| #define PACKAGE_NAME "HepMC"
| #define PACKAGE_TARNAME "HepMC"
| #define PACKAGE_VERSION "2.06.09"
| #define PACKAGE_STRING "HepMC 2.06.09"
| #define PACKAGE_BUGREPORT "https://savannah.cern.ch/projects/hepmc/"
| #define PACKAGE "HepMC"
| #define VERSION "2.06.09"
| #define STDC_HEADERS 1
| #define HAVE_SYS_TYPES_H 1
| #define HAVE_SYS_STAT_H 1
| #define HAVE_STDLIB_H 1
| #define HAVE_STRING_H 1
| #define HAVE_MEMORY_H 1
| #define HAVE_STRINGS_H 1
| #define HAVE_INTTYPES_H 1
| #define HAVE_STDINT_H 1
| #define HAVE_UNISTD_H 1
| #define HAVE_DLFCN_H 1
| /* end confdefs.h.  */
| #include <ac_nonexistent.h>
configure:8840: result: g++ -E
configure:8869: g++ -E  conftest.cpp
configure:8876: $? = 0
configure:8907: g++ -E  conftest.cpp
conftest.cpp:21:10: fatal error: ac_nonexistent.h: No such file or directory
   21 | #include <ac_nonexistent.h>
      |          ^~~~~~~~~~~~~~~~~~
compilation terminated.
configure:8914: $? = 1
configure: failed program was:
| /* confdefs.h.  */
| #define PACKAGE_NAME "HepMC"
| #define PACKAGE_TARNAME "HepMC"
| #define PACKAGE_VERSION "2.06.09"
| #define PACKAGE_STRING "HepMC 2.06.09"
| #define PACKAGE_BUGREPORT "https://savannah.cern.ch/projects/hepmc/"
| #define PACKAGE "HepMC"
| #define VERSION "2.06.09"
| #define STDC_HEADERS 1
| #define HAVE_SYS_TYPES_H 1
| #define HAVE_SYS_STAT_H 1
| #define HAVE_STDLIB_H 1
| #define HAVE_STRING_H 1
| #define HAVE_MEMORY_H 1
| #define HAVE_STRINGS_H 1
| #define HAVE_INTTYPES_H 1
| #define HAVE_STDINT_H 1
| #define HAVE_UNISTD_H 1
| #define HAVE_DLFCN_H 1
| /* end confdefs.h.  */
| #include <ac_nonexistent.h>
configure:9010: checking for g77
configure:9040: result: no
configure:9010: checking for xlf
configure:9040: result: no
configure:9010: checking for f77
configure:9040: result: no
configure:9010: checking for frt
configure:9040: result: no
configure:9010: checking for pgf77
configure:9040: result: no
configure:9010: checking for cf77
configure:9040: result: no
configure:9010: checking for fort77
configure:9040: result: no
configure:9010: checking for fl32
configure:9040: result: no
configure:9010: checking for af77
configure:9040: result: no
configure:9010: checking for xlf90
configure:9040: result: no
configure:9010: checking for f90
configure:9040: result: no
configure:9010: checking for pgf90
configure:9040: result: no
configure:9010: checking for pghpf
configure:9040: result: no
configure:9010: checking for epcf90
configure:9040: result: no
configure:9010: checking for gfortran
configure:9040: result: no
configure:9010: checking for g95
configure:9040: result: no
configure:9010: checking for xlf95
configure:9040: result: no
configure:9010: checking for f95
configure:9040: result: no
configure:9010: checking for fort
configure:9040: result: no
configure:9010: checking for ifort
configure:9040: result: no
configure:9010: checking for ifc
configure:9040: result: no
configure:9010: checking for efc
configure:9040: result: no
configure:9010: checking for pgf95
configure:9040: result: no
configure:9010: checking for lf95
configure:9040: result: no
configure:9010: checking for ftn
configure:9040: result: no
configure:9063: checking for Fortran 77 compiler version
configure:9071:  --version >&5
../hepmc2.06.09/configure: line 9073: --version: command not found
configure:9075: $? = 127
configure:9082:  -v >&5
../hepmc2.06.09/configure: line 9084: -v: command not found
configure:9086: $? = 127
configure:9093:  -V >&5
../hepmc2.06.09/configure: line 9095: -V: command not found
configure:9097: $? = 127
configure:9105: checking whether we are using the GNU Fortran 77 compiler
configure:9148: result: no
configure:9154: checking whether  accepts -g
configure:9194: result: no
configure:9400: checking for objdir
configure:9415: result: .libs
configure:9707: checking if gcc supports -fno-rtti -fno-exceptions
configure:9725: gcc -c -g -O2  -fno-rtti -fno-exceptions conftest.c >&5
cc1: warning: command-line option '-fno-rtti' is valid for C++/D/ObjC++ but not for C
configure:9729: $? = 0
configure:9742: result: no
configure:9762: checking for gcc option to produce PIC
configure:10034: result: -fPIC -DPIC
configure:10046: checking if gcc PIC flag -fPIC -DPIC works
configure:10064: gcc -c -g -O2  -fPIC -DPIC -DPIC conftest.c >&5
configure:10068: $? = 0
configure:10081: result: yes
configure:10105: checking if gcc static flag -static works
configure:10133: result: yes
configure:10148: checking if gcc supports -c -o file.o
configure:10169: gcc -c -g -O2  -o out/conftest2.o conftest.c >&5
configure:10173: $? = 0
configure:10195: result: yes
configure:10203: checking if gcc supports -c -o file.o
configure:10250: result: yes
configure:10283: checking whether the gcc linker (/usr/bin/ld -m elf_x86_64) supports shared libraries
configure:11357: result: yes
configure:11394: checking whether -lc should be explicitly linked in
configure:11399: gcc -c -g -O2  conftest.c >&5
configure:11402: $? = 0
configure:11417: gcc -shared conftest.o  -v -Wl,-soname -Wl,conftest -o conftest 2\>\&1 \| /usr/bin/grep  -lc  \>/dev/null 2\>\&1
configure:11420: $? = 0
configure:11432: result: no
configure:11596: checking dynamic linker characteristics
configure:12039: gcc -o conftest -g -O2   -Wl,-rpath -Wl,/foo conftest.c  >&5
configure:12046: $? = 0
configure:12282: result: GNU/Linux ld.so
configure:12384: checking how to hardcode library paths into programs
configure:12409: result: immediate
configure:13242: checking whether stripping libraries is possible
configure:13247: result: yes
configure:13282: checking if libtool supports shared libraries
configure:13284: result: yes
configure:13287: checking whether to build shared libraries
configure:13308: result: yes
configure:13311: checking whether to build static libraries
configure:13315: result: yes
configure:13465: checking for ld used by g++
configure:13532: result: /usr/bin/ld -m elf_x86_64
configure:13541: checking if the linker (/usr/bin/ld -m elf_x86_64) is GNU ld
configure:13556: result: yes
configure:13611: checking whether the g++ linker (/usr/bin/ld -m elf_x86_64) supports shared libraries
configure:14586: result: yes
configure:14614: g++ -c -g -O2  conftest.cpp >&5
configure:14617: $? = 0
configure:14799: checking for g++ option to produce PIC
configure:15116: result: -fPIC -DPIC
configure:15125: checking if g++ PIC flag -fPIC -DPIC works
configure:15143: g++ -c -g -O2  -fPIC -DPIC -DPIC conftest.cpp >&5
configure:15147: $? = 0
configure:15160: result: yes
configure:15181: checking if g++ static flag -static works
configure:15209: result: yes
configure:15221: checking if g++ supports -c -o file.o
configure:15242: g++ -c -g -O2  -o out/conftest2.o conftest.cpp >&5
configure:15246: $? = 0
configure:15268: result: yes
configure:15273: checking if g++ supports -c -o file.o
configure:15320: result: yes
configure:15350: checking whether the g++ linker (/usr/bin/ld -m elf_x86_64) supports shared libraries
configure:15376: result: yes
configure:15513: checking dynamic linker characteristics
configure:15904: g++ -o conftest -g -O2   -Wl,-rpath -Wl,/foo conftest.cpp  >&5
configure:15911: $? = 0
configure:16147: result: GNU/Linux ld.so
configure:16198: checking how to hardcode library paths into programs
configure:16223: result: immediate
configure:18869: checking for stdint.h
configure:18876: result: yes
configure:19019: checking for stdbool.h that conforms to C99
configure:19114: gcc -c -g -O2  conftest.c >&5
configure:19121: $? = 0
configure:19136: result: yes
configure:19138: checking for _Bool
configure:19166: gcc -c -g -O2  conftest.c >&5
configure:19173: $? = 0
configure:19200: gcc -c -g -O2  conftest.c >&5
conftest.c: In function 'main':
conftest.c:59:20: error: expected expression before ')' token
   59 | if (sizeof ((_Bool)))
      |                    ^
configure:19207: $? = 1
configure: failed program was:
| /* confdefs.h.  */
| #define PACKAGE_NAME "HepMC"
| #define PACKAGE_TARNAME "HepMC"
| #define PACKAGE_VERSION "2.06.09"
| #define PACKAGE_STRING "HepMC 2.06.09"
| #define PACKAGE_BUGREPORT "https://savannah.cern.ch/projects/hepmc/"
| #define PACKAGE "HepMC"
| #define VERSION "2.06.09"
| #define STDC_HEADERS 1
| #define HAVE_SYS_TYPES_H 1
| #define HAVE_SYS_STAT_H 1
| #define HAVE_STDLIB_H 1
| #define HAVE_STRING_H 1
| #define HAVE_MEMORY_H 1
| #define HAVE_STRINGS_H 1
| #define HAVE_INTTYPES_H 1
| #define HAVE_STDINT_H 1
| #define HAVE_UNISTD_H 1
| #define HAVE_DLFCN_H 1
| #define LT_OBJDIR ".libs/"
| #define HAVE_STDINT_H 1
| /* end confdefs.h.  */
| #include <stdio.h>
| #ifdef HAVE_SYS_TYPES_H
| # include <sys/types.h>
| #endif
| #ifdef HAVE_SYS_STAT_H
| # include <sys/stat.h>
| #endif
| #ifdef STDC_HEADERS
| # include <stdlib.h>
| # include <stddef.h>
| #else
| # ifdef HAVE_STDLIB_H
| #  include <stdlib.h>
| # endif
| #endif
| #ifdef HAVE_STRING_H
| # if !defined STDC_HEADERS && defined HAVE_MEMORY_H
| #  include <memory.h>
| # endif
| # include <string.h>
| #endif
| #ifdef HAVE_STRINGS_H
| # include <strings.h>
| #endif
| #ifdef HAVE_INTTYPES_H
| # include <inttypes.h>
| #endif
| #ifdef HAVE_STDINT_H
| # include <stdint.h>
| #endif
| #ifdef HAVE_UNISTD_H
| # include <unistd.h>
| #endif
| int
| main ()
| {
| if (sizeof ((_Bool)))
| 	  return 0;
|   ;
|   return 0;
| }
configure:19230: result: yes
configure:19249: checking for an ANSI C-conforming const
configure:19324: gcc -c -g -O2  conftest.c >&5
configure:19331: $? = 0
configure:19346: result: yes
configure:19356: checking for inline
configure:19382: gcc -c -g -O2  conftest.c >&5
configure:19389: $? = 0
configure:19407: result: inline
configure:19426: checking for ptrdiff_t
configure:19454: gcc -c -g -O2  conftest.c >&5
configure:19461: $? = 0
configure:19488: gcc -c -g -O2  conftest.c >&5
conftest.c: In function 'main':
conftest.c:61:24: error: expected expression before ')' token
   61 | if (sizeof ((ptrdiff_t)))
      |                        ^
configure:19495: $? = 1
configure: failed program was:
| /* confdefs.h.  */
| #define PACKAGE_NAME "HepMC"
| #define PACKAGE_TARNAME "HepMC"
| #define PACKAGE_VERSION "2.06.09"
| #define PACKAGE_STRING "HepMC 2.06.09"
| #define PACKAGE_BUGREPORT "https://savannah.cern.ch/projects/hepmc/"
| #define PACKAGE "HepMC"
| #define VERSION "2.06.09"
| #define STDC_HEADERS 1
| #define HAVE_SYS_TYPES_H 1
| #define HAVE_SYS_STAT_H 1
| #define HAVE_STDLIB_H 1
| #define HAVE_STRING_H 1
| #define HAVE_MEMORY_H 1
| #define HAVE_STRINGS_H 1
| #define HAVE_INTTYPES_H 1
| #define HAVE_STDINT_H 1
| #define HAVE_UNISTD_H 1
| #define HAVE_DLFCN_H 1
| #define LT_OBJDIR ".libs/"
| #define HAVE_STDINT_H 1
| #define HAVE__BOOL 1
| #define HAVE_STDBOOL_H 1
| /* end confdefs.h.  */
| #include <stdio.h>
| #ifdef HAVE_SYS_TYPES_H
| # include <sys/types.h>
| #endif
| #ifdef HAVE_SYS_STAT_H
| # include <sys/stat.h>
| #endif
| #ifdef STDC_HEADERS
| # include <stdlib.h>
| # include <stddef.h>
| #else
| # ifdef HAVE_STDLIB_H
| #  include <stdlib.h>
| # endif
| #endif
| #ifdef HAVE_STRING_H
| # if !defined STDC_HEADERS && defined HAVE_MEMORY_H
| #  include <memory.h>
| # endif
| # include <string.h>
| #endif
| #ifdef HAVE_STRINGS_H
| # include <strings.h>
| #endif
| #ifdef HAVE_INTTYPES_H
| # include <inttypes.h>
| #endif
| #ifdef HAVE_STDINT_H
| # include <stdint.h>
| #endif
| #ifdef HAVE_UNISTD_H
| # include <unistd.h>
| #endif
| int
| main ()
| {
| if (sizeof ((ptrdiff_t)))
| 	  return 0;
|   ;
|   return 0;
| }
configure:19518: result: yes
configure:19533: checking for ANSI C header files
configure:19701: result: yes
configure:19929: creating ./config.status

## ---------------------- ##
## Running config.status. ##
## ---------------------- ##

This file was extended by HepMC config.status 2.06.09, which was
generated by GNU Autoconf 2.63.  Invocation command line was

  CONFIG_FILES    = 
  CONFIG_HEADERS  = 
  CONFIG_LINKS    = 
  CONFIG_COMMANDS = 
  $ ./config.status 

on giorgio

config.status:1147: creating Makefile
config.status:1147: creating HepMC/Makefile
config.status:1147: creating doc/Makefile
config.status:1147: creating examples/Makefile
config.status:1147: creating examples/fio/Makefile
config.status:1147: creating examples/pythia8/Makefile
config.status:1147: creating fio/Makefile
config.status:1147: creating src/Makefile
config.status:1147: creating src/Units.cc
config.status:1147: creating test/Makefile
config.status:1147: creating test/testHepMC.cc
config.status:1147: creating test/testMass.cc
config.status:1147: creating test/testHepMCIteration.cc
config.status:1147: creating test/testMultipleCopies.cc
config.status:1147: creating test/testStreamIO.cc
config.status:1147: creating examples/GNUmakefile.example
config.status:1147: creating examples/fio/GNUmakefile.example
config.status:1147: creating examples/pythia8/config.csh
config.status:1147: creating examples/pythia8/config.sh
config.status:1147: creating examples/pythia8/GNUmakefile.example
config.status:1147: creating test/testHepMC.sh
config.status:1147: creating test/testFlow.sh
config.status:1147: creating test/testMass.sh
config.status:1147: creating test/testHepMCIteration.sh
config.status:1147: creating test/testPolarization.sh
config.status:1147: creating test/testPrintBug.sh
config.status:1147: creating test/testStreamIO.sh
config.status:1147: creating HepMC/defs.h
config.status:1414: executing depfiles commands
config.status:1414: executing libtool commands

## ---------------- ##
## Cache variables. ##
## ---------------- ##

ac_cv_build=x86_64-unknown-linux-gnu
ac_cv_c_compiler_gnu=yes
ac_cv_c_const=yes
ac_cv_c_inline=inline
ac_cv_cxx_compiler_gnu=yes
ac_cv_env_CCC_set=
ac_cv_env_CCC_value=
ac_cv_env_CC_set=
ac_cv_env_CC_value=
ac_cv_env_CFLAGS_set=
ac_cv_env_CFLAGS_value=
ac_cv_env_CPPFLAGS_set=
ac_cv_env_CPPFLAGS_value=
ac_cv_env_CPP_set=
ac_cv_env_CPP_value=
ac_cv_env_CXXCPP_set=
ac_cv_env_CXXCPP_value=
ac_cv_env_CXXFLAGS_set=
ac_cv_env_CXXFLAGS_value=
ac_cv_env_CXX_set=
ac_cv_env_CXX_value=
ac_cv_env_F77_set=
ac_cv_env_F77_value=
ac_cv_env_FFLAGS_set=
ac_cv_env_FFLAGS_value=
ac_cv_env_LDFLAGS_set=
ac_cv_env_LDFLAGS_value=
ac_cv_env_LIBS_set=
ac_cv_env_LIBS_value=
ac_cv_env_build_alias_set=
ac_cv_env_build_alias_value=
ac_cv_env_host_alias_set=
ac_cv_env_host_alias_value=
ac_cv_env_target_alias_set=
ac_cv_env_target_alias_value=
ac_cv_f77_compiler_gnu=no
ac_cv_header_dlfcn_h=yes
ac_cv_header_inttypes_h=yes
ac_cv_header_memory_h=yes
ac_cv_header_stdbool_h=yes
ac_cv_header_stdc=yes
ac_cv_header_stdint_h=yes
ac_cv_header_stdlib_h=yes
ac_cv_header_string_h=yes
ac_cv_header_strings_h=yes
ac_cv_header_sys_stat_h=yes
ac_cv_header_sys_types_h=yes
ac_cv_header_unistd_h=yes
ac_cv_host=x86_64-unknown-linux-gnu
ac_cv_objext=o
ac_cv_path_EGREP='/usr/bin/grep -E'
ac_cv_path_FGREP='/usr/bin/grep -F'
ac_cv_path_GREP=/usr/bin/grep
ac_cv_path_SED=/usr/bin/sed
ac_cv_path_install='/usr/bin/install -c'
ac_cv_path_mkdir=/usr/bin/mkdir
ac_cv_prog_AWK=gawk
ac_cv_prog_CPP='gcc -E'
ac_cv_prog_CXXCPP='g++ -E'
ac_cv_prog_ac_ct_AR=ar
ac_cv_prog_ac_ct_CC=gcc
ac_cv_prog_ac_ct_CXX=g++
ac_cv_prog_ac_ct_OBJDUMP=objdump
ac_cv_prog_ac_ct_RANLIB=ranlib
ac_cv_prog_ac_ct_STRIP=strip
ac_cv_prog_cc_c89=
ac_cv_prog_cc_g=yes
ac_cv_prog_cxx_g=yes
ac_cv_prog_f77_g=no
ac_cv_prog_make_make_set=yes
ac_cv_target=x86_64-unknown-linux-gnu
ac_cv_type__Bool=yes
ac_cv_type_ptrdiff_t=yes
am_cv_CC_dependencies_compiler_type=gcc3
am_cv_CXX_dependencies_compiler_type=gcc3
lt_cv_deplibs_check_method=pass_all
lt_cv_file_magic_cmd='$MAGIC_CMD'
lt_cv_file_magic_test_file=
lt_cv_ld_reload_flag=-r
lt_cv_nm_interface='BSD nm'
lt_cv_objdir=.libs
lt_cv_path_LD=/usr/bin/ld
lt_cv_path_LDCXX='/usr/bin/ld -m elf_x86_64'
lt_cv_path_NM='/usr/bin/nm -B'
lt_cv_prog_compiler_c_o=yes
lt_cv_prog_compiler_c_o_CXX=yes
lt_cv_prog_compiler_pic_works=yes
lt_cv_prog_compiler_pic_works_CXX=yes
lt_cv_prog_compiler_rtti_exceptions=no
lt_cv_prog_compiler_static_works=yes
lt_cv_prog_compiler_static_works_CXX=yes
lt_cv_prog_gnu_ld=yes
lt_cv_prog_gnu_ldcxx=yes
lt_cv_sys_global_symbol_pipe='sed -n -e '\''s/^.*[	 ]\([ABCDGIRSTW][ABCDGIRSTW]*\)[	 ][	 ]*\([_A-Za-z][_A-Za-z0-9]*\)$/\1 \2 \2/p'\'''
lt_cv_sys_global_symbol_to_c_name_address='sed -n -e '\''s/^: \([^ ]*\) $/  {\"\1\", (void *) 0},/p'\'' -e '\''s/^[ABCDGIRSTW]* \([^ ]*\) \([^ ]*\)$/  {"\2", (void *) \&\2},/p'\'''
lt_cv_sys_global_symbol_to_c_name_address_lib_prefix='sed -n -e '\''s/^: \([^ ]*\) $/  {\"\1\", (void *) 0},/p'\'' -e '\''s/^[ABCDGIRSTW]* \([^ ]*\) \(lib[^ ]*\)$/  {"\2", (void *) \&\2},/p'\'' -e '\''s/^[ABCDGIRSTW]* \([^ ]*\) \([^ ]*\)$/  {"lib\2", (void *) \&\2},/p'\'''
lt_cv_sys_global_symbol_to_cdecl='sed -n -e '\''s/^T .* \(.*\)$/extern int \1();/p'\'' -e '\''s/^[ABCDGIRSTW]* .* \(.*\)$/extern char \1;/p'\'''
lt_cv_sys_max_cmd_len=1572864

## ----------------- ##
## Output variables. ##
## ----------------- ##

ACLOCAL='${SHELL} /home/giorgio/Github/DAML/week-17/GeantExample3/HEPmc/hepmc2.06.09/missing --run aclocal-1.11'
AMDEPBACKSLASH='\'
AMDEP_FALSE='#'
AMDEP_TRUE=''
AMTAR='${SHELL} /home/giorgio/Github/DAML/week-17/GeantExample3/HEPmc/hepmc2.06.09/missing --run tar'
AM_CXXFLAGS='-ansi -pedantic -Wall'
AM_MAKEFLAGS=''
AR='ar'
AS='as'
AUTOCONF='${SHELL} /home/giorgio/Github/DAML/week-17/GeantExample3/HEPmc/hepmc2.06.09/missing --run autoconf'
AUTOHEADER='${SHELL} /home/giorgio/Github/DAML/week-17/GeantExample3/HEPmc/hepmc2.06.09/missing --run autoheader'
AUTOMAKE='${SHELL} /home/giorgio/Github/DAML/week-17/GeantExample3/HEPmc/hepmc2.06.09/missing --run automake-1.11'
AWK='gawk'
BUILD_VISUAL_FALSE=''
BUILD_VISUAL_TRUE='#'
CC='gcc'
CCDEPMODE='depmode=gcc3'
CFLAGS='-g -O2'
CLHEPdir=' '
COPY_P='cp -p'
CPP='gcc -E'
CPPFLAGS=''
CXX='g++'
CXXCPP='g++ -E'
CXXDEPMODE='depmode=gcc3'
CXXFLAGS='-g -O2'
CYGPATH_W='echo'
DEFS='-DHAVE_CONFIG_H'
DEPDIR='.deps'
DIFF_Q='diff -q -b'
DLLTOOL='dlltool'
DSYMUTIL=''
DUMPBIN=''
ECHO_C=''
ECHO_N='-n'
ECHO_T=''
EGREP='/usr/bin/grep -E'
EXEEXT=''
F77=''
FFLAGS=''
FGREP='/usr/bin/grep -F'
GENSERdir=' '
GREP='/usr/bin/grep'
HEPMC_DEFAULT_LEN_UNIT='MM'
HEPMC_DEFAULT_MOM_UNIT='MEV'
INSTALL_DATA='${INSTALL} -m 644'
INSTALL_PROGRAM='${INSTALL}'
INSTALL_SCRIPT='${INSTALL}'
INSTALL_STRIP_PROGRAM='$(install_sh) -c -s'
LD='/usr/bin/ld -m elf_x86_64'
LDFLAGS=''
LIBOBJS=''
LIBRARY_VERSION='-version-info 4:0:0'
LIBS=''
LIBTOOL='$(SHELL) $(top_builddir)/libtool'
LIPO=''
LN_S='ln -s'
LTLIBOBJS=''
MAKEINFO='${SHELL} /home/giorgio/Github/DAML/week-17/GeantExample3/HEPmc/hepmc2.06.09/missing --run makeinfo'
MKDIR_P='/usr/bin/mkdir -p'
NM='/usr/bin/nm -B'
NMEDIT=''
OBJDUMP='objdump'
OBJEXT='o'
OTOOL64=''
OTOOL=''
PACKAGE='HepMC'
PACKAGE_BUGREPORT='https://savannah.cern.ch/projects/hepmc/'
PACKAGE_NAME='HepMC'
PACKAGE_STRING='HepMC 2.06.09'
PACKAGE_TARNAME='HepMC'
PACKAGE_VERSION='2.06.09'
PATH_SEPARATOR=':'
RANLIB='ranlib'
SED='/usr/bin/sed'
SET_MAKE=''
SHELL='/bin/bash'
STRIP='strip'
VERSION='2.06.09'
ac_ct_CC='gcc'
ac_ct_CXX='g++'
ac_ct_DUMPBIN=''
ac_ct_F77=''
am__EXEEXT_FALSE=''
am__EXEEXT_TRUE='#'
am__fastdepCC_FALSE='#'
am__fastdepCC_TRUE=''
am__fastdepCXX_FALSE='#'
am__fastdepCXX_TRUE=''
am__include='include'
am__isrc=' -I$(srcdir)'
am__leading_dot='.'
am__quote=''
am__tar='${AMTAR} chof - "$$tardir"'
am__untar='${AMTAR} xf -'
bindir='${exec_prefix}/bin'
build='x86_64-unknown-linux-gnu'
build_alias=''
build_cpu='x86_64'
build_os='linux-gnu'
build_vendor='unknown'
datadir='${datarootdir}'
datarootdir='${prefix}/share'
docdir='${datarootdir}/doc/${PACKAGE_TARNAME}'
dvidir='${docdir}'
exec_prefix='${prefix}'
host='x86_64-unknown-linux-gnu'
host_alias=''
host_cpu='x86_64'
host_os='linux-gnu'
host_vendor='unknown'
htmldir='${docdir}'
includedir='${prefix}/include'
infodir='${datarootdir}/info'
install_sh='${SHELL} /home/giorgio/Github/DAML/week-17/GeantExample3/HEPmc/hepmc2.06.09/install-sh'
libdir='${exec_prefix}/lib'
libexecdir='${exec_prefix}/libexec'
localedir='${datarootdir}/locale'
localstatedir='${prefix}/var'
lt_ECHO='echo'
mandir='${datarootdir}/man'
mkdir_p='/usr/bin/mkdir -p'
oldincludedir='/usr/include'
pdfdir='${docdir}'
prefix='/home/giorgio/Github/DAML/week-17/GeantExample3/HEPmc/build/../install'
program_transform_name='s,x,x,'
psdir='${docdir}'
sbindir='${exec_prefix}/sbin'
sharedstatedir='${prefix}/com'
sysconfdir='${prefix}/etc'
target='x86_64-unknown-linux-gnu'
target_alias=''
target_cpu='x86_64'
target_os='linux-gnu'
target_vendor='unknown'

## ----------- ##
## confdefs.h. ##
## ----------- ##

#define PACKAGE_NAME "HepMC"
#define PACKAGE_TARNAME "HepMC"
#define PACKAGE_VERSION "2.06.09"
#define PACKAGE_STRING "HepMC 2.06.09"
#define PACKAGE_BUGREPORT "https://savannah.cern.ch/projects/hepmc/"
#define PACKAGE "HepMC"
#define VERSION "2.06.09"
#define STDC_HEADERS 1
#define HAVE_SYS_TYPES_H 1
#define HAVE_SYS_STAT_H 1
#define HAVE_STDLIB_H 1
#define HAVE_STRING_H 1
#define HAVE_MEMORY_H 1
#define HAVE_STRINGS_H 1
#define HAVE_INTTYPES_H 1
#define HAVE_STDINT_H 1
#define HAVE_UNISTD_H 1
#define HAVE_DLFCN_H 1
#define LT_OBJDIR ".libs/"
#define HAVE_STDINT_H 1
#define HAVE__BOOL 1
#define HAVE_STDBOOL_H 1
#define HAVE_PTRDIFF_T 1
#define STDC_HEADERS 1

configure: exit 0
